asusctl-git
brillo
dislocker
flashfocus-git
gobuster
google-chrome
greetd
grub-theme-tela-color-2k-git
heroku-cli
laptop-mode-tools
latex-mk
lc3tools
lib32-libglvnd-git
lib32-opencl-nvidia-tkg
libdrm-git
libglvnd-git
libmagick6
libopenaptx
libxcb-git
lives
mako-git
nordic-theme-git
notion-app
opencl-nvidia-tkg
postman-bin
python-pep8
python-pytest-cache
python-pytest-flakes
python-pytest-pep8
python-url-normalize
ryzenadj-git
sddm-nordic-theme-git
slack-desktop
spotify
swaylock-effects-git
teams
vim-plug
visual-studio-code-bin
wdisplays-git
wlogout
wlroots-git-debug
xcb-proto-git
xorg-xwayland-git
xorgproto-git
yay
zoom
